C:\USERS\BRAD\DOCUMENTS\VISUAL STUDIO 2010\PROJECTS\SCHEDULER\DEBUG\SCHEDULER.EXE
C:\USERS\BRAD\DOCUMENTS\VISUAL STUDIO 2010\PROJECTS\SCHEDULER\DEBUG\SCHEDULER.ILK
C:\USERS\BRAD\DOCUMENTS\VISUAL STUDIO 2010\PROJECTS\SCHEDULER\DEBUG\SCHEDULER.PDB
C:\USERS\BRAD\DOCUMENTS\VISUAL STUDIO 2010\PROJECTS\SCHEDULER\SCHEDULER\DEBUG\.NETFRAMEWORK,VERSION=V4.0.ASSEMBLYATTRIBUTES.OBJ
C:\Users\brad\documents\visual studio 2010\Projects\scheduler\scheduler\Debug\cl.command.1.tlog
C:\Users\brad\documents\visual studio 2010\Projects\scheduler\scheduler\Debug\CL.read.1.tlog
C:\Users\brad\documents\visual studio 2010\Projects\scheduler\scheduler\Debug\CL.write.1.tlog
C:\USERS\BRAD\DOCUMENTS\VISUAL STUDIO 2010\PROJECTS\SCHEDULER\SCHEDULER\DEBUG\CONFLICT.OBJ
C:\USERS\BRAD\DOCUMENTS\VISUAL STUDIO 2010\PROJECTS\SCHEDULER\SCHEDULER\DEBUG\FILEIO.OBJ
C:\USERS\BRAD\DOCUMENTS\VISUAL STUDIO 2010\PROJECTS\SCHEDULER\SCHEDULER\DEBUG\GTCLASS.OBJ
C:\Users\brad\documents\visual studio 2010\Projects\scheduler\scheduler\Debug\link.2344.read.1.tlog
C:\Users\brad\documents\visual studio 2010\Projects\scheduler\scheduler\Debug\link.2344.write.1.tlog
C:\Users\brad\documents\visual studio 2010\Projects\scheduler\scheduler\Debug\link.2820.read.1.tlog
C:\Users\brad\documents\visual studio 2010\Projects\scheduler\scheduler\Debug\link.2820.write.1.tlog
C:\Users\brad\documents\visual studio 2010\Projects\scheduler\scheduler\Debug\link.4496.read.1.tlog
C:\Users\brad\documents\visual studio 2010\Projects\scheduler\scheduler\Debug\link.4496.write.1.tlog
C:\Users\brad\documents\visual studio 2010\Projects\scheduler\scheduler\Debug\link.4688.read.1.tlog
C:\Users\brad\documents\visual studio 2010\Projects\scheduler\scheduler\Debug\link.4688.write.1.tlog
C:\Users\brad\documents\visual studio 2010\Projects\scheduler\scheduler\Debug\link.5304.read.1.tlog
C:\Users\brad\documents\visual studio 2010\Projects\scheduler\scheduler\Debug\link.5304.write.1.tlog
C:\Users\brad\documents\visual studio 2010\Projects\scheduler\scheduler\Debug\link.6076.read.1.tlog
C:\Users\brad\documents\visual studio 2010\Projects\scheduler\scheduler\Debug\link.6076.write.1.tlog
C:\Users\brad\documents\visual studio 2010\Projects\scheduler\scheduler\Debug\link.command.1.tlog
C:\Users\brad\documents\visual studio 2010\Projects\scheduler\scheduler\Debug\link.read.1.tlog
C:\Users\brad\documents\visual studio 2010\Projects\scheduler\scheduler\Debug\link.write.1.tlog
C:\USERS\BRAD\DOCUMENTS\VISUAL STUDIO 2010\PROJECTS\SCHEDULER\SCHEDULER\DEBUG\MAIN.OBJ
C:\Users\brad\documents\visual studio 2010\Projects\scheduler\scheduler\Debug\mt.command.1.tlog
C:\Users\brad\documents\visual studio 2010\Projects\scheduler\scheduler\Debug\mt.read.1.tlog
C:\Users\brad\documents\visual studio 2010\Projects\scheduler\scheduler\Debug\mt.write.1.tlog
C:\USERS\BRAD\DOCUMENTS\VISUAL STUDIO 2010\PROJECTS\SCHEDULER\SCHEDULER\DEBUG\SCHEDULE.OBJ
C:\USERS\BRAD\DOCUMENTS\VISUAL STUDIO 2010\PROJECTS\SCHEDULER\SCHEDULER\DEBUG\SCHEDULER.EXE.INTERMEDIATE.MANIFEST
C:\USERS\BRAD\DOCUMENTS\VISUAL STUDIO 2010\PROJECTS\SCHEDULER\SCHEDULER\DEBUG\VC100.PDB
